\BOOKMARK [1][-]{section.1}{Introducci\363n}{}% 1
\BOOKMARK [1][-]{section.2}{Recogida de informaci\363n}{}% 2
\BOOKMARK [2][-]{subsection.2.1}{Atributos seleccionados}{section.2}% 3
\BOOKMARK [3][-]{subsubsection.2.1.1}{Atributos relacionados con la instancia del entrenamiento}{subsection.2.1}% 4
\BOOKMARK [3][-]{subsubsection.2.1.2}{Atributos relacionados con la recompensa de mario}{subsection.2.1}% 5
\BOOKMARK [3][-]{subsubsection.2.1.3}{Atributos relacionados con la matriz de observaci\363n}{subsection.2.1}% 6
\BOOKMARK [3][-]{subsubsection.2.1.4}{Atributos booleanos o atributos binarios}{subsection.2.1}% 7
\BOOKMARK [3][-]{subsubsection.2.1.5}{Otros atributos}{subsection.2.1}% 8
\BOOKMARK [3][-]{subsubsection.2.1.6}{Atributo a clasificar}{subsection.2.1}% 9
\BOOKMARK [1][-]{section.3}{Clasificaci\363n}{}% 10
\BOOKMARK [2][-]{subsection.3.1}{Algoritmos seleccionados}{section.3}% 11
\BOOKMARK [3][-]{subsubsection.3.1.1}{J48}{subsection.3.1}% 12
\BOOKMARK [3][-]{subsubsection.3.1.2}{Ramdom Tree}{subsection.3.1}% 13
\BOOKMARK [3][-]{subsubsection.3.1.3}{Random Forest}{subsection.3.1}% 14
\BOOKMARK [2][-]{subsection.3.2}{Preporcesado realizado}{section.3}% 15
\BOOKMARK [3][-]{subsubsection.3.2.1}{Borrado de atributos}{subsection.3.2}% 16
\BOOKMARK [3][-]{subsubsection.3.2.2}{Combinaci\363n de datos de entrenamiento}{subsection.3.2}% 17
\BOOKMARK [3][-]{subsubsection.3.2.3}{Balance de instancias}{subsection.3.2}% 18
\BOOKMARK [3][-]{subsubsection.3.2.4}{Borrado de clases}{subsection.3.2}% 19
\BOOKMARK [3][-]{subsubsection.3.2.5}{Otros preprocesados}{subsection.3.2}% 20
\BOOKMARK [2][-]{subsection.3.3}{An\341lisis}{section.3}% 21
\BOOKMARK [2][-]{subsection.3.4}{Conclusi\363n}{section.3}% 22
\BOOKMARK [1][-]{section.4}{Regresi\363n}{}% 23
\BOOKMARK [1][-]{section.5}{Implementaci\363n}{}% 24
\BOOKMARK [1][-]{section.6}{Opiniones Personales}{}% 25
