\BOOKMARK [1][-]{section.1}{Los ficheros de datos}{}% 1
\BOOKMARK [2][-]{subsection.1.1}{\277Cu\341ntos atributos de entrada tiene el fichero de datos? \277De qu\351 tipo son?}{section.1}% 2
\BOOKMARK [2][-]{subsection.1.2}{\277Podr\355a un algoritmo de aprendizaje autom\341tico identificar una funci\363n capaz de predecir dicha clase con los datos que hay en el fichero? \277Por qu\351?}{section.1}% 3
\BOOKMARK [1][-]{section.2}{Clasificando con ID3}{}% 4
\BOOKMARK [2][-]{subsection.2.1}{En la pesta\361a Classify, seleccionar el clasificador trees/ID3 1 . En las Test options seleccionar Use training set y pulsar el bot\363n de Start para que se genere el modelo. \277C\363mo de buenos son los resultados?}{section.2}% 5
\BOOKMARK [1][-]{section.3}{Incompatibilidades de clasificadores}{}% 6
\BOOKMARK [2][-]{subsection.3.1}{Imagina 4 atributos que te parezca que podr\355an ser relevantes para este problema. Estos atributos inventados se deber\355an poder extraer tratando de alguna manera el \372nico atributo de entrada del ejercicio anterior \(name\). An\363talos y describe en qu\351 consiste cada uno.}{section.3}% 7
\BOOKMARK [2][-]{subsection.3.2}{Abre el fichero de datos badges1.arff con Weka. \277Cu\341ntos atributos de entrada tiene el fichero de datos? \277De qu\351 tipo son?}{section.3}% 8
\BOOKMARK [2][-]{subsection.3.3}{\277Qu\351 tipo de informaci\363n estad\355stica se muestra sobre los atributos?}{section.3}% 9
\BOOKMARK [2][-]{subsection.3.4}{Pulsa el bot\363n \215Visualize All\216 \277Qu\351 se muestra?}{section.3}% 10
\BOOKMARK [2][-]{subsection.3.5}{Ejecutar el clasificador tree/ID3 sobre estos datos. \277Qu\351 es lo que ocurre? \277Qu\351 se podr\355a hacer para evitar este problema con ID3?}{section.3}% 11
\BOOKMARK [1][-]{section.4}{Solucionando incompatibilidades de atributos}{}% 12
\BOOKMARK [2][-]{subsection.4.1}{Seleccionar el filtro Filter/unsupervised/attribute/Discretize, fijar el numero de bins a 5 y aplicar al conjunto de datos. \277Qu\351 efecto tiene este filtro sobre los atributos?}{section.4}% 13
\BOOKMARK [2][-]{subsection.4.2}{En la pesta\361a Classifiers elige ID3 y marca Use training set en las Test options. Vuelve a generar el clasificador. \277Qu\351 n\372mero de instancias del conjunto de entrenamiento clasifica bien? \277Qu\351 porcentaje clasifica bien?}{section.4}% 14
\BOOKMARK [2][-]{subsection.4.3}{\277Qu\351 significa cada uno de los valores que aparecen en la matriz de confusi\363n?}{section.4}% 15
\BOOKMARK [2][-]{subsection.4.4}{Pulsar el bot\363n de More Options y seleccionar la opci\363n Output Predictions \(PlainText\). Volver a clasificar y revisar los resultados. \277Cu\341l es la primera instancia del conjunto de entrenamiento que se clasifica mal? \277Qu\351 atributos exactamente han causado que esta instancia se haya clasificado mal?}{section.4}% 16
\BOOKMARK [2][-]{subsection.4.5}{\277C\363mo se clasificar\355a la instancia ``Carmen Machi''? \277Cu\341les son los atributos de este nombre? \277Qu\351 ocurre con los valores de esta instancia si utilizas el filtro usado anteriormente?}{section.4}% 17
\BOOKMARK [1][-]{section.5}{Comparando con ZeroR}{}% 18
\BOOKMARK [2][-]{subsection.5.1}{\277Qu\351 modelo genera el clasificador ZeroR?}{section.5}% 19
\BOOKMARK [2][-]{subsection.5.2}{\277Cu\341l es el porcentaje de \351xito de este modelo?}{section.5}% 20
\BOOKMARK [2][-]{subsection.5.3}{\277C\363mo se clasificar\355a la instancia ``Carmen Machi''?}{section.5}% 21
\BOOKMARK [1][-]{section.6}{Clasificando con J48 \(C4.5\)}{}% 22
\BOOKMARK [2][-]{subsection.6.1}{\277Cu\341ntas hojas tiene el \341rbol generado con J48?}{section.6}% 23
\BOOKMARK [2][-]{subsection.6.2}{\277Cu\341ntas instancias del conjunto de entrenamiento clasifica bien?}{section.6}% 24
\BOOKMARK [2][-]{subsection.6.3}{\277Qu\351 porcentaje de instancias clasifica bien?}{section.6}% 25
\BOOKMARK [2][-]{subsection.6.4}{\277Cu\341ntas instancias de cada tipo se han clasificado mal?}{section.6}% 26
\BOOKMARK [2][-]{subsection.6.5}{\277C\363mo se clasificar\355a la instancia ``Carmen Machi''?}{section.6}% 27
\BOOKMARK [2][-]{subsection.6.6}{\277Elegir\355as este modelo o el generado por ID3? \277Por qu\351?}{section.6}% 28
\BOOKMARK [2][-]{subsection.6.7}{\277Hemos encontrado una funci\363n exacta para generar las etiquetas? \277Por qu\351?}{section.6}% 29
\BOOKMARK [1][-]{section.7}{Utilizando m\341s atributos con J48 \(C4.5\)}{}% 30
\BOOKMARK [2][-]{subsection.7.1}{Volver a la pesta\361a de preproceso y seleccionar el filtro Filter/unsupervised/attribute/AddExpression para generar un nuevo atributo que calcule el n\372mero de vocales. \277Cu\341l es la funci\363n que has programado en el filtro?}{section.7}% 31
\BOOKMARK [2][-]{subsection.7.2}{\277Podr\355as decir cu\341l es el rango de vocales m\341s com\372n en el fichero proporcionado?}{section.7}% 32
\BOOKMARK [2][-]{subsection.7.3}{Anota el porcentaje de instancias bien clasificadas y la matriz de confusi\363n.}{section.7}% 33
\BOOKMARK [2][-]{subsection.7.4}{Haz click con el bot\363n derecho del rat\363n en el modelo generado que aparece en Result list. Visualiza el \341rbol generado con Visualize Tree. \277Qu\351 indican los n\372meros que aparecen en las hojas?}{section.7}% 34
\BOOKMARK [2][-]{subsection.7.5}{Ir a la pesta\361a Visualize. Hacer click en la gr\341fica que relaciona el atributo creado con la clase y aumentar el valor de Jitter. \277Qu\351 efecto tiene?}{section.7}% 35
\BOOKMARK [2][-]{subsection.7.6}{Tras todos estos resultados, \277qu\351 caracter\355sticas o cualidades crees que deben tener los atributos para maximizar el \351xito de los algoritmos de aprendizaje autom\341tico?}{section.7}% 36
\BOOKMARK [1][-]{section.8}{Balanceado de datos, selecci\363n de caracter\355sticas y otros filtros}{}% 37
\BOOKMARK [2][-]{subsection.8.1}{\277Cu\341ntos atributos de entrada tiene este fichero? \277Cu\341ntas instancias de entrenamiento?}{section.8}% 38
\BOOKMARK [2][-]{subsection.8.2}{Ejecuta el clasificador J48. Selecciona en Test Options la opci\363n \215Cross-validation\216 \277Qu\351 resultados aparecen?}{section.8}% 39
\BOOKMARK [2][-]{subsection.8.3}{Ahora vamos a evaluar el clasificador solamente con las instancias que figuren en el fichero adult-test.arff. Para ello selecciona en Test Options la opci\363n \215Supplied test set\216. \277Qu\351 resultados aparecen?}{section.8}% 40
\BOOKMARK [2][-]{subsection.8.4}{\277Por qu\351 los resultados difieren al emplear la opci\363n de cross-validation o la de supplied test set, si usamos el mismo clasificador?}{section.8}% 41
\BOOKMARK [2][-]{subsection.8.5}{Vuelve a la pesta\361a Preprocess y haz click en el atributo de salida \(la clase\). \277Qu\351 proporci\363n de datos hay de cada clase? \277Crees que este porcentaje es apropiado para que un algoritmo de aprendizaje autom\341tico aprenda bien?}{section.8}% 42
\BOOKMARK [2][-]{subsection.8.6}{\277Qu\351 ocurre con el atributo de salida? \277Ha descendido el n\372mero de ejemplos de entrenamiento?}{section.8}% 43
\BOOKMARK [2][-]{subsection.8.7}{Tras aplicar este filtro, eval\372a de nuevo con cross-validation y supplied test set el algoritmo J48. \277Qu\351 resultado ofrece ahora el algoritmo? \277Ha mejorado o empeorado?}{section.8}% 44
\BOOKMARK [2][-]{subsection.8.8}{Por \372ltimo aplica el filtro de normalizaci\363n unsupervised/instance/Normalize para los atributos num\351ricos. \277Qu\351 resultados se obtienen?}{section.8}% 45
\BOOKMARK [2][-]{subsection.8.9}{Despu\351s del procesamiento de datos que has realizado en este apartado, \277crees que esto ayuda al proceso de aprendizaje? \277Por qu\351?}{section.8}% 46
\BOOKMARK [2][-]{subsection.8.10}{\277Cu\341l es el mejor resultado obtenido? \277Por qu\351?}{section.8}% 47
