\BOOKMARK [1][-]{section.1}{Introducci\363n}{}% 1
\BOOKMARK [1][-]{section.2}{Tratamiento de datos}{}% 2
\BOOKMARK [2][-]{subsection.2.1}{Atributos}{section.2}% 3
\BOOKMARK [3][-]{subsubsection.2.1.1}{Atributos para ayudar a localizar o identificar la instancia de entrenamiento}{subsection.2.1}% 4
\BOOKMARK [3][-]{subsubsection.2.1.2}{Atributos relacionados con la intermediateReward}{subsection.2.1}% 5
\BOOKMARK [3][-]{subsubsection.2.1.3}{Atributos relacionados con la matriz de observaci\363n \(mergeObs\)}{subsection.2.1}% 6
\BOOKMARK [3][-]{subsubsection.2.1.4}{Atributos booleanos o binarios}{subsection.2.1}% 7
\BOOKMARK [3][-]{subsubsection.2.1.5}{Otros atributos}{subsection.2.1}% 8
\BOOKMARK [3][-]{subsubsection.2.1.6}{Acci\363n realizada}{subsection.2.1}% 9
\BOOKMARK [3][-]{subsubsection.2.1.7}{Refuerzo}{subsection.2.1}% 10
\BOOKMARK [2][-]{subsection.2.2}{Toma de ejemplos}{section.2}% 11
\BOOKMARK [1][-]{section.3}{Identificaci\363n de situaciones}{}% 12
\BOOKMARK [2][-]{subsection.3.1}{Borrado de atributos}{section.3}% 13
\BOOKMARK [2][-]{subsection.3.2}{K-medias}{section.3}% 14
\BOOKMARK [2][-]{subsection.3.3}{Intenficaci\363n de centroide en un Tick}{section.3}% 15
\BOOKMARK [1][-]{section.4}{Q-Learning}{}% 16
\BOOKMARK [2][-]{subsection.4.1}{Aprendizaje de la pol\355tica de comportamiento}{section.4}% 17
\BOOKMARK [2][-]{subsection.4.2}{Selecci\363n de la acci\363n final}{section.4}% 18
\BOOKMARK [2][-]{subsection.4.3}{Tabla Q}{section.4}% 19
\BOOKMARK [1][-]{section.5}{Evaluaci\363n}{}% 20
\BOOKMARK [1][-]{section.6}{Descripci\363n del material entregado}{}% 21
\BOOKMARK [1][-]{section.7}{Conclusiones}{}% 22
\BOOKMARK [1][-]{section.8}{Comentarios personales}{}% 23
